# JRE version: OpenJDK Runtime Environment Temurin-21.0.10+7 (21.0.10+7) (build 21.0.10+7-LTS)
# Java VM: OpenJDK 64-Bit Server VM Temurin-21.0.10+7 (21.0.10+7-LTS, mixed mode, sharing, tiered, compressed oops, compressed class ptrs, parallel gc, windows-amd64)
GC Precious Log:
 CardTable entry size: 512
 CPUs: 4 total, 4 available
 Memory: 8071M
 Large Page Support: Disabled
 NUMA Support: Disabled
 Compressed Oops: Enabled (32-bit)
 Alignments: Space 512K, Generation 512K, Heap 2M
 Heap Min Capacity: 100M
 Heap Initial Capacity: 100M
 Heap Max Capacity: 2G
 Pre-touch: Disabled
 Parallel Workers: 4
Heap:
 PSYoungGen      total 3072K, used 1358K [0x00000000d5580000, 0x00000000d5900000, 0x0000000100000000)
  eden space 2048K, 44% used [0x00000000d5580000,0x00000000d5663930,0x00000000d5780000)
  from space 1024K, 43% used [0x00000000d5780000,0x00000000d57f0000,0x00000000d5880000)
  to   space 512K, 0% used [0x00000000d5880000,0x00000000d5880000,0x00000000d5900000)
 ParOldGen       total 371712K, used 267063K [0x0000000080000000, 0x0000000096b00000, 0x00000000d5580000)
  object space 371712K, 71% used [0x0000000080000000,0x00000000904cddc0,0x0000000096b00000)
 Metaspace       used 90380K, committed 92160K, reserved 1179648K
  class space    used 9401K, committed 10176K, reserved 1048576K
GC Heap History (20 events):
Event: 34976.997 GC heap before
{Heap before GC invocations=844 (full 4):
 PSYoungGen      total 2560K, used 2560K [0x00000000d5580000, 0x00000000d5980000, 0x0000000100000000)
  eden space 2048K, 100% used [0x00000000d5580000,0x00000000d5780000,0x00000000d5780000)
  from space 512K, 100% used [0x00000000d5880000,0x00000000d5900000,0x00000000d5900000)
  to   space 512K, 0% used [0x00000000d5900000,0x00000000d5900000,0x00000000d5980000)
 ParOldGen       total 371712K, used 263636K [0x0000000080000000, 0x0000000096b00000, 0x00000000d5580000)
  object space 371712K, 70% used [0x0000000080000000,0x00000000901752a0,0x0000000096b00000)
 Metaspace       used 90321K, committed 92160K, reserved 1179648K
  class space    used 9400K, committed 10176K, reserved 1048576K
}
Event: 34977.001 GC heap after
{Heap after GC invocations=844 (full 4):
 PSYoungGen      total 2560K, used 368K [0x00000000d5580000, 0x00000000d5980000, 0x0000000100000000)
  eden space 2048K, 0% used [0x00000000d5580000,0x00000000d5580000,0x00000000d5780000)
  from space 512K, 71% used [0x00000000d5900000,0x00000000d595c010,0x00000000d5980000)
  to   space 512K, 0% used [0x00000000d5880000,0x00000000d5880000,0x00000000d5900000)
 ParOldGen       total 371712K, used 264106K [0x0000000080000000, 0x0000000096b00000, 0x00000000d5580000)
  object space 371712K, 71% used [0x0000000080000000,0x00000000901eabd0,0x0000000096b00000)
 Metaspace       used 90321K, committed 92160K, reserved 1179648K
  class space    used 9400K, committed 10176K, reserved 1048576K
}
Event: 34977.283 GC heap before
{Heap before GC invocations=845 (full 4):
 PSYoungGen      total 2560K, used 2416K [0x00000000d5580000, 0x00000000d5980000, 0x0000000100000000)
  eden space 2048K, 100% used [0x00000000d5580000,0x00000000d5780000,0x00000000d5780000)
  from space 512K, 71% used [0x00000000d5900000,0x00000000d595c010,0x00000000d5980000)
  to   space 512K, 0% used [0x00000000d5880000,0x00000000d5880000,0x00000000d5900000)
 ParOldGen       total 371712K, used 264106K [0x0000000080000000, 0x0000000096b00000, 0x00000000d5580000)
  object space 371712K, 71% used [0x0000000080000000,0x00000000901eabd0,0x0000000096b00000)
 Metaspace       used 90331K, committed 92160K, reserved 1179648K
  class space    used 9400K, committed 10176K, reserved 1048576K
}
Event: 34977.291 GC heap after
{Heap after GC invocations=845 (full 4):
 PSYoungGen      total 2560K, used 320K [0x00000000d5580000, 0x00000000d5980000, 0x0000000100000000)
  eden space 2048K, 0% used [0x00000000d5580000,0x00000000d5580000,0x00000000d5780000)
  from space 512K, 62% used [0x00000000d5880000,0x00000000d58d0000,0x00000000d5900000)
  to   space 512K, 0% used [0x00000000d5900000,0x00000000d5900000,0x00000000d5980000)
 ParOldGen       total 371712K, used 264362K [0x0000000080000000, 0x0000000096b00000, 0x00000000d5580000)
  object space 371712K, 71% used [0x0000000080000000,0x000000009022abe0,0x0000000096b00000)
 Metaspace       used 90331K, committed 92160K, reserved 1179648K
  class space    used 9400K, committed 10176K, reserved 1048576K
}
Event: 34978.587 GC heap before
{Heap before GC invocations=846 (full 4):
 PSYoungGen      total 2560K, used 2367K [0x00000000d5580000, 0x00000000d5980000, 0x0000000100000000)
  eden space 2048K, 99% used [0x00000000d5580000,0x00000000d577ffd0,0x00000000d5780000)
  from space 512K, 62% used [0x00000000d5880000,0x00000000d58d0000,0x00000000d5900000)
  to   space 512K, 0% used [0x00000000d5900000,0x00000000d5900000,0x00000000d5980000)
 ParOldGen       total 371712K, used 264362K [0x0000000080000000, 0x0000000096b00000, 0x00000000d5580000)
  object space 371712K, 71% used [0x0000000080000000,0x000000009022abe0,0x0000000096b00000)
 Metaspace       used 90334K, committed 92160K, reserved 1179648K
  class space    used 9400K, committed 10176K, reserved 1048576K
}
Event: 34978.590 GC heap after
{Heap after GC invocations=846 (full 4):
 PSYoungGen      total 2560K, used 192K [0x00000000d5580000, 0x00000000d5980000, 0x0000000100000000)
  eden space 2048K, 0% used [0x00000000d5580000,0x00000000d5580000,0x00000000d5780000)
  from space 512K, 37% used [0x00000000d5900000,0x00000000d5930000,0x00000000d5980000)
  to   space 512K, 0% used [0x00000000d5880000,0x00000000d5880000,0x00000000d5900000)
 ParOldGen       total 371712K, used 264626K [0x0000000080000000, 0x0000000096b00000, 0x00000000d5580000)
  object space 371712K, 71% used [0x0000000080000000,0x000000009026cb80,0x0000000096b00000)
 Metaspace       used 90334K, committed 92160K, reserved 1179648K
  class space    used 9400K, committed 10176K, reserved 1048576K
}
Event: 34980.624 GC heap before
{Heap before GC invocations=847 (full 4):
 PSYoungGen      total 2560K, used 2240K [0x00000000d5580000, 0x00000000d5980000, 0x0000000100000000)
  eden space 2048K, 100% used [0x00000000d5580000,0x00000000d5780000,0x00000000d5780000)
  from space 512K, 37% used [0x00000000d5900000,0x00000000d5930000,0x00000000d5980000)
  to   space 512K, 0% used [0x00000000d5880000,0x00000000d5880000,0x00000000d5900000)
 ParOldGen       total 371712K, used 264626K [0x0000000080000000, 0x0000000096b00000, 0x00000000d5580000)
  object space 371712K, 71% used [0x0000000080000000,0x000000009026cb80,0x0000000096b00000)
 Metaspace       used 90339K, committed 92160K, reserved 1179648K
  class space    used 9401K, committed 10176K, reserved 1048576K
}
Event: 34980.627 GC heap after
{Heap after GC invocations=847 (full 4):
 PSYoungGen      total 2560K, used 468K [0x00000000d5580000, 0x00000000d5980000, 0x0000000100000000)
  eden space 2048K, 0% used [0x00000000d5580000,0x00000000d5580000,0x00000000d5780000)
  from space 512K, 91% used [0x00000000d5880000,0x00000000d58f5200,0x00000000d5900000)
  to   space 512K, 0% used [0x00000000d5900000,0x00000000d5900000,0x00000000d5980000)
 ParOldGen       total 371712K, used 264698K [0x0000000080000000, 0x0000000096b00000, 0x00000000d5580000)
  object space 371712K, 71% used [0x0000000080000000,0x000000009027eb80,0x0000000096b00000)
 Metaspace       used 90339K, committed 92160K, reserved 1179648K
  class space    used 9401K, committed 10176K, reserved 1048576K
}
Event: 34980.639 GC heap before
{Heap before GC invocations=848 (full 4):
 PSYoungGen      total 2560K, used 2516K [0x00000000d5580000, 0x00000000d5980000, 0x0000000100000000)
  eden space 2048K, 100% used [0x00000000d5580000,0x00000000d5780000,0x00000000d5780000)
  from space 512K, 91% used [0x00000000d5880000,0x00000000d58f5200,0x00000000d5900000)
  to   space 512K, 0% used [0x00000000d5900000,0x00000000d5900000,0x00000000d5980000)
 ParOldGen       total 371712K, used 264698K [0x0000000080000000, 0x0000000096b00000, 0x00000000d5580000)
  object space 371712K, 71% used [0x0000000080000000,0x000000009027eb80,0x0000000096b00000)
 Metaspace       used 90339K, committed 92160K, reserved 1179648K
  class space    used 9401K, committed 10176K, reserved 1048576K
}
Event: 34980.644 GC heap after
{Heap after GC invocations=848 (full 4):
 PSYoungGen      total 2560K, used 224K [0x00000000d5580000, 0x00000000d5980000, 0x0000000100000000)
  eden space 2048K, 0% used [0x00000000d5580000,0x00000000d5580000,0x00000000d5780000)
  from space 512K, 43% used [0x00000000d5900000,0x00000000d5938000,0x00000000d5980000)
  to   space 512K, 0% used [0x00000000d5880000,0x00000000d5880000,0x00000000d5900000)
 ParOldGen       total 371712K, used 265095K [0x0000000080000000, 0x0000000096b00000, 0x00000000d5580000)
  object space 371712K, 71% used [0x0000000080000000,0x00000000902e1ef0,0x0000000096b00000)
 Metaspace       used 90339K, committed 92160K, reserved 1179648K
  class space    used 9401K, committed 10176K, reserved 1048576K
}
Event: 34980.714 GC heap before
{Heap before GC invocations=849 (full 4):
 PSYoungGen      total 2560K, used 2272K [0x00000000d5580000, 0x00000000d5980000, 0x0000000100000000)
  eden space 2048K, 100% used [0x00000000d5580000,0x00000000d5780000,0x00000000d5780000)
  from space 512K, 43% used [0x00000000d5900000,0x00000000d5938000,0x00000000d5980000)
  to   space 512K, 0% used [0x00000000d5880000,0x00000000d5880000,0x00000000d5900000)
 ParOldGen       total 371712K, used 265095K [0x0000000080000000, 0x0000000096b00000, 0x00000000d5580000)
  object space 371712K, 71% used [0x0000000080000000,0x00000000902e1ef0,0x0000000096b00000)
 Metaspace       used 90341K, committed 92160K, reserved 1179648K
  class space    used 9401K, committed 10176K, reserved 1048576K
}
Event: 34980.717 GC heap after
{Heap after GC invocations=849 (full 4):
 PSYoungGen      total 2560K, used 512K [0x00000000d5580000, 0x00000000d5980000, 0x0000000100000000)
  eden space 2048K, 0% used [0x00000000d5580000,0x00000000d5580000,0x00000000d5780000)
  from space 512K, 100% used [0x00000000d5880000,0x00000000d5900000,0x00000000d5900000)
  to   space 512K, 0% used [0x00000000d5900000,0x00000000d5900000,0x00000000d5980000)
 ParOldGen       total 371712K, used 265263K [0x0000000080000000, 0x0000000096b00000, 0x00000000d5580000)
  object space 371712K, 71% used [0x0000000080000000,0x000000009030bef0,0x0000000096b00000)
 Metaspace       used 90341K, committed 92160K, reserved 1179648K
  class space    used 9401K, committed 10176K, reserved 1048576K
}
Event: 34980.780 GC heap before
{Heap before GC invocations=850 (full 4):
 PSYoungGen      total 2560K, used 2560K [0x00000000d5580000, 0x00000000d5980000, 0x0000000100000000)
  eden space 2048K, 100% used [0x00000000d5580000,0x00000000d5780000,0x00000000d5780000)
  from space 512K, 100% used [0x00000000d5880000,0x00000000d5900000,0x00000000d5900000)
  to   space 512K, 0% used [0x00000000d5900000,0x00000000d5900000,0x00000000d5980000)
 ParOldGen       total 371712K, used 265263K [0x0000000080000000, 0x0000000096b00000, 0x00000000d5580000)
  object space 371712K, 71% used [0x0000000080000000,0x000000009030bef0,0x0000000096b00000)
 Metaspace       used 90347K, committed 92160K, reserved 1179648K
  class space    used 9401K, committed 10176K, reserved 1048576K
}
Event: 34980.786 GC heap after
{Heap after GC invocations=850 (full 4):
 PSYoungGen      total 2560K, used 500K [0x00000000d5580000, 0x00000000d5a80000, 0x0000000100000000)
  eden space 2048K, 0% used [0x00000000d5580000,0x00000000d5580000,0x00000000d5780000)
  from space 512K, 97% used [0x00000000d5900000,0x00000000d597d200,0x00000000d5980000)
  to   space 1536K, 0% used [0x00000000d5780000,0x00000000d5780000,0x00000000d5900000)
 ParOldGen       total 371712K, used 265787K [0x0000000080000000, 0x0000000096b00000, 0x00000000d5580000)
  object space 371712K, 71% used [0x0000000080000000,0x000000009038efa0,0x0000000096b00000)
 Metaspace       used 90347K, committed 92160K, reserved 1179648K
  class space    used 9401K, committed 10176K, reserved 1048576K
}
Event: 34980.792 GC heap before
{Heap before GC invocations=851 (full 4):
 PSYoungGen      total 2560K, used 2548K [0x00000000d5580000, 0x00000000d5a80000, 0x0000000100000000)
  eden space 2048K, 100% used [0x00000000d5580000,0x00000000d5780000,0x00000000d5780000)
  from space 512K, 97% used [0x00000000d5900000,0x00000000d597d200,0x00000000d5980000)
  to   space 1536K, 0% used [0x00000000d5780000,0x00000000d5780000,0x00000000d5900000)
 ParOldGen       total 371712K, used 265787K [0x0000000080000000, 0x0000000096b00000, 0x00000000d5580000)
  object space 371712K, 71% used [0x0000000080000000,0x000000009038efa0,0x0000000096b00000)
 Metaspace       used 90347K, committed 92160K, reserved 1179648K
  class space    used 9401K, committed 10176K, reserved 1048576K
}
Event: 34980.798 GC heap after
{Heap after GC invocations=851 (full 4):
 PSYoungGen      total 2560K, used 384K [0x00000000d5580000, 0x00000000d5980000, 0x0000000100000000)
  eden space 2048K, 0% used [0x00000000d5580000,0x00000000d5580000,0x00000000d5780000)
  from space 512K, 75% used [0x00000000d5780000,0x00000000d57e0000,0x00000000d5800000)
  to   space 1024K, 0% used [0x00000000d5880000,0x00000000d5880000,0x00000000d5980000)
 ParOldGen       total 371712K, used 266203K [0x0000000080000000, 0x0000000096b00000, 0x00000000d5580000)
  object space 371712K, 71% used [0x0000000080000000,0x00000000903f6ec0,0x0000000096b00000)
 Metaspace       used 90347K, committed 92160K, reserved 1179648K
  class space    used 9401K, committed 10176K, reserved 1048576K
}
Event: 34980.817 GC heap before
{Heap before GC invocations=852 (full 4):
 PSYoungGen      total 2560K, used 2432K [0x00000000d5580000, 0x00000000d5980000, 0x0000000100000000)
  eden space 2048K, 100% used [0x00000000d5580000,0x00000000d5780000,0x00000000d5780000)
  from space 512K, 75% used [0x00000000d5780000,0x00000000d57e0000,0x00000000d5800000)
  to   space 1024K, 0% used [0x00000000d5880000,0x00000000d5880000,0x00000000d5980000)
 ParOldGen       total 371712K, used 266203K [0x0000000080000000, 0x0000000096b00000, 0x00000000d5580000)
  object space 371712K, 71% used [0x0000000080000000,0x00000000903f6ec0,0x0000000096b00000)
 Metaspace       used 90353K, committed 92160K, reserved 1179648K
  class space    used 9401K, committed 10176K, reserved 1048576K
}
Event: 34980.821 GC heap after
{Heap after GC invocations=852 (full 4):
 PSYoungGen      total 3072K, used 544K [0x00000000d5580000, 0x00000000d5980000, 0x0000000100000000)
  eden space 2048K, 0% used [0x00000000d5580000,0x00000000d5580000,0x00000000d5780000)
  from space 1024K, 53% used [0x00000000d5880000,0x00000000d5908000,0x00000000d5980000)
  to   space 1024K, 0% used [0x00000000d5780000,0x00000000d5780000,0x00000000d5880000)
 ParOldGen       total 371712K, used 266583K [0x0000000080000000, 0x0000000096b00000, 0x00000000d5580000)
  object space 371712K, 71% used [0x0000000080000000,0x0000000090455da0,0x0000000096b00000)
 Metaspace       used 90353K, committed 92160K, reserved 1179648K
  class space    used 9401K, committed 10176K, reserved 1048576K
}
Event: 34980.903 GC heap before
{Heap before GC invocations=853 (full 4):
 PSYoungGen      total 3072K, used 2592K [0x00000000d5580000, 0x00000000d5980000, 0x0000000100000000)
  eden space 2048K, 100% used [0x00000000d5580000,0x00000000d5780000,0x00000000d5780000)
  from space 1024K, 53% used [0x00000000d5880000,0x00000000d5908000,0x00000000d5980000)
  to   space 1024K, 0% used [0x00000000d5780000,0x00000000d5780000,0x00000000d5880000)
 ParOldGen       total 371712K, used 266583K [0x0000000080000000, 0x0000000096b00000, 0x00000000d5580000)
  object space 371712K, 71% used [0x0000000080000000,0x0000000090455da0,0x0000000096b00000)
 Metaspace       used 90353K, committed 92160K, reserved 1179648K
  class space    used 9401K, committed 10176K, reserved 1048576K
}
Event: 34980.909 GC heap after
{Heap after GC invocations=853 (full 4):
 PSYoungGen      total 3072K, used 448K [0x00000000d5580000, 0x00000000d5900000, 0x0000000100000000)
  eden space 2048K, 0% used [0x00000000d5580000,0x00000000d5580000,0x00000000d5780000)
  from space 1024K, 43% used [0x00000000d5780000,0x00000000d57f0000,0x00000000d5880000)
  to   space 512K, 0% used [0x00000000d5880000,0x00000000d5880000,0x00000000d5900000)
 ParOldGen       total 371712K, used 267063K [0x0000000080000000, 0x0000000096b00000, 0x00000000d5580000)
  object space 371712K, 71% used [0x0000000080000000,0x00000000904cddc0,0x0000000096b00000)
 Metaspace       used 90353K, committed 92160K, reserved 1179648K
  class space    used 9401K, committed 10176K, reserved 1048576K
}

