# JRE version: OpenJDK Runtime Environment Temurin-21.0.11+10 (21.0.11+10) (build 21.0.11+10-LTS)
# Java VM: OpenJDK 64-Bit Server VM Temurin-21.0.11+10 (21.0.11+10-LTS, mixed mode, sharing, tiered, compressed oops, compressed class ptrs, parallel gc, windows-amd64)
GC Precious Log:
 CardTable entry size: 512
 CPUs: 4 total, 4 available
 Memory: 8067M
 Large Page Support: Disabled
 NUMA Support: Disabled
 Compressed Oops: Enabled (32-bit)
 Alignments: Space 512K, Generation 512K, Heap 2M
 Heap Min Capacity: 100M
 Heap Initial Capacity: 100M
 Heap Max Capacity: 2G
 Pre-touch: Disabled
 Parallel Workers: 4
Heap:
 PSYoungGen      total 17408K, used 5397K [0x00000000d5580000, 0x00000000d6900000, 0x0000000100000000)
  eden space 15872K, 24% used [0x00000000d5580000,0x00000000d59596d0,0x00000000d6500000)
  from space 1536K, 94% used [0x00000000d6780000,0x00000000d68ec030,0x00000000d6900000)
  to   space 2048K, 0% used [0x00000000d6500000,0x00000000d6500000,0x00000000d6700000)
 ParOldGen       total 92672K, used 92523K [0x0000000080000000, 0x0000000085a80000, 0x00000000d5580000)
  object space 92672K, 99% used [0x0000000080000000,0x0000000085a5ac70,0x0000000085a80000)
 Metaspace       used 66931K, committed 68416K, reserved 1114112K
  class space    used 6891K, committed 7488K, reserved 1048576K
GC Heap History (20 events):
Event: 108.501 GC heap before
{Heap before GC invocations=94 (full 3):
 PSYoungGen      total 17408K, used 17280K [0x00000000d5580000, 0x00000000d6780000, 0x0000000100000000)
  eden space 16896K, 100% used [0x00000000d5580000,0x00000000d6600000,0x00000000d6600000)
  from space 512K, 75% used [0x00000000d6700000,0x00000000d6760000,0x00000000d6780000)
  to   space 512K, 0% used [0x00000000d6680000,0x00000000d6680000,0x00000000d6700000)
 ParOldGen       total 82432K, used 82214K [0x0000000080000000, 0x0000000085080000, 0x00000000d5580000)
  object space 82432K, 99% used [0x0000000080000000,0x0000000085049a20,0x0000000085080000)
 Metaspace       used 61110K, committed 62528K, reserved 1114112K
  class space    used 6426K, committed 7040K, reserved 1048576K
}
Event: 108.503 GC heap after
{Heap after GC invocations=94 (full 3):
 PSYoungGen      total 17408K, used 288K [0x00000000d5580000, 0x00000000d6780000, 0x0000000100000000)
  eden space 16896K, 0% used [0x00000000d5580000,0x00000000d5580000,0x00000000d6600000)
  from space 512K, 56% used [0x00000000d6680000,0x00000000d66c8000,0x00000000d6700000)
  to   space 512K, 0% used [0x00000000d6700000,0x00000000d6700000,0x00000000d6780000)
 ParOldGen       total 82944K, used 82526K [0x0000000080000000, 0x0000000085100000, 0x00000000d5580000)
  object space 82944K, 99% used [0x0000000080000000,0x0000000085097a20,0x0000000085100000)
 Metaspace       used 61110K, committed 62528K, reserved 1114112K
  class space    used 6426K, committed 7040K, reserved 1048576K
}
Event: 108.560 GC heap before
{Heap before GC invocations=95 (full 3):
 PSYoungGen      total 17408K, used 17184K [0x00000000d5580000, 0x00000000d6780000, 0x0000000100000000)
  eden space 16896K, 100% used [0x00000000d5580000,0x00000000d6600000,0x00000000d6600000)
  from space 512K, 56% used [0x00000000d6680000,0x00000000d66c8000,0x00000000d6700000)
  to   space 512K, 0% used [0x00000000d6700000,0x00000000d6700000,0x00000000d6780000)
 ParOldGen       total 82944K, used 82526K [0x0000000080000000, 0x0000000085100000, 0x00000000d5580000)
  object space 82944K, 99% used [0x0000000080000000,0x0000000085097a20,0x0000000085100000)
 Metaspace       used 61128K, committed 62528K, reserved 1114112K
  class space    used 6428K, committed 7040K, reserved 1048576K
}
Event: 108.561 GC heap after
{Heap after GC invocations=95 (full 3):
 PSYoungGen      total 17408K, used 320K [0x00000000d5580000, 0x00000000d6780000, 0x0000000100000000)
  eden space 16896K, 0% used [0x00000000d5580000,0x00000000d5580000,0x00000000d6600000)
  from space 512K, 62% used [0x00000000d6700000,0x00000000d6750020,0x00000000d6780000)
  to   space 512K, 0% used [0x00000000d6680000,0x00000000d6680000,0x00000000d6700000)
 ParOldGen       total 82944K, used 82710K [0x0000000080000000, 0x0000000085100000, 0x00000000d5580000)
  object space 82944K, 99% used [0x0000000080000000,0x00000000850c5a20,0x0000000085100000)
 Metaspace       used 61128K, committed 62528K, reserved 1114112K
  class space    used 6428K, committed 7040K, reserved 1048576K
}
Event: 108.632 GC heap before
{Heap before GC invocations=96 (full 3):
 PSYoungGen      total 17408K, used 17216K [0x00000000d5580000, 0x00000000d6780000, 0x0000000100000000)
  eden space 16896K, 100% used [0x00000000d5580000,0x00000000d6600000,0x00000000d6600000)
  from space 512K, 62% used [0x00000000d6700000,0x00000000d6750020,0x00000000d6780000)
  to   space 512K, 0% used [0x00000000d6680000,0x00000000d6680000,0x00000000d6700000)
 ParOldGen       total 82944K, used 82710K [0x0000000080000000, 0x0000000085100000, 0x00000000d5580000)
  object space 82944K, 99% used [0x0000000080000000,0x00000000850c5a20,0x0000000085100000)
 Metaspace       used 61128K, committed 62528K, reserved 1114112K
  class space    used 6428K, committed 7040K, reserved 1048576K
}
Event: 108.633 GC heap after
{Heap after GC invocations=96 (full 3):
 PSYoungGen      total 17408K, used 320K [0x00000000d5580000, 0x00000000d6780000, 0x0000000100000000)
  eden space 16896K, 0% used [0x00000000d5580000,0x00000000d5580000,0x00000000d6600000)
  from space 512K, 62% used [0x00000000d6680000,0x00000000d66d0000,0x00000000d6700000)
  to   space 512K, 0% used [0x00000000d6700000,0x00000000d6700000,0x00000000d6780000)
 ParOldGen       total 83456K, used 82974K [0x0000000080000000, 0x0000000085180000, 0x00000000d5580000)
  object space 83456K, 99% used [0x0000000080000000,0x0000000085107a40,0x0000000085180000)
 Metaspace       used 61128K, committed 62528K, reserved 1114112K
  class space    used 6428K, committed 7040K, reserved 1048576K
}
Event: 109.826 GC heap before
{Heap before GC invocations=97 (full 3):
 PSYoungGen      total 17408K, used 17216K [0x00000000d5580000, 0x00000000d6780000, 0x0000000100000000)
  eden space 16896K, 100% used [0x00000000d5580000,0x00000000d6600000,0x00000000d6600000)
  from space 512K, 62% used [0x00000000d6680000,0x00000000d66d0000,0x00000000d6700000)
  to   space 512K, 0% used [0x00000000d6700000,0x00000000d6700000,0x00000000d6780000)
 ParOldGen       total 83456K, used 82974K [0x0000000080000000, 0x0000000085180000, 0x00000000d5580000)
  object space 83456K, 99% used [0x0000000080000000,0x0000000085107a40,0x0000000085180000)
 Metaspace       used 62077K, committed 63552K, reserved 1114112K
  class space    used 6541K, committed 7168K, reserved 1048576K
}
Event: 109.830 GC heap after
{Heap after GC invocations=97 (full 3):
 PSYoungGen      total 16384K, used 509K [0x00000000d5580000, 0x00000000d6a00000, 0x0000000100000000)
  eden space 15872K, 0% used [0x00000000d5580000,0x00000000d5580000,0x00000000d6500000)
  from space 512K, 99% used [0x00000000d6700000,0x00000000d677f470,0x00000000d6780000)
  to   space 2048K, 0% used [0x00000000d6500000,0x00000000d6500000,0x00000000d6700000)
 ParOldGen       total 84480K, used 84202K [0x0000000080000000, 0x0000000085280000, 0x00000000d5580000)
  object space 84480K, 99% used [0x0000000080000000,0x000000008523a928,0x0000000085280000)
 Metaspace       used 62077K, committed 63552K, reserved 1114112K
  class space    used 6541K, committed 7168K, reserved 1048576K
}
Event: 110.999 GC heap before
{Heap before GC invocations=98 (full 3):
 PSYoungGen      total 16384K, used 16381K [0x00000000d5580000, 0x00000000d6a00000, 0x0000000100000000)
  eden space 15872K, 100% used [0x00000000d5580000,0x00000000d6500000,0x00000000d6500000)
  from space 512K, 99% used [0x00000000d6700000,0x00000000d677f470,0x00000000d6780000)
  to   space 2048K, 0% used [0x00000000d6500000,0x00000000d6500000,0x00000000d6700000)
 ParOldGen       total 84480K, used 84202K [0x0000000080000000, 0x0000000085280000, 0x00000000d5580000)
  object space 84480K, 99% used [0x0000000080000000,0x000000008523a928,0x0000000085280000)
 Metaspace       used 63068K, committed 64512K, reserved 1114112K
  class space    used 6617K, committed 7232K, reserved 1048576K
}
Event: 111.004 GC heap after
{Heap after GC invocations=98 (full 3):
 PSYoungGen      total 17920K, used 2019K [0x00000000d5580000, 0x00000000d6c00000, 0x0000000100000000)
  eden space 15872K, 0% used [0x00000000d5580000,0x00000000d5580000,0x00000000d6500000)
  from space 2048K, 98% used [0x00000000d6500000,0x00000000d66f8d38,0x00000000d6700000)
  to   space 3584K, 0% used [0x00000000d6880000,0x00000000d6880000,0x00000000d6c00000)
 ParOldGen       total 85504K, used 85080K [0x0000000080000000, 0x0000000085380000, 0x00000000d5580000)
  object space 85504K, 99% used [0x0000000080000000,0x00000000853162a8,0x0000000085380000)
 Metaspace       used 63068K, committed 64512K, reserved 1114112K
  class space    used 6617K, committed 7232K, reserved 1048576K
}
Event: 112.402 GC heap before
{Heap before GC invocations=99 (full 3):
 PSYoungGen      total 17920K, used 17891K [0x00000000d5580000, 0x00000000d6c00000, 0x0000000100000000)
  eden space 15872K, 100% used [0x00000000d5580000,0x00000000d6500000,0x00000000d6500000)
  from space 2048K, 98% used [0x00000000d6500000,0x00000000d66f8d38,0x00000000d6700000)
  to   space 3584K, 0% used [0x00000000d6880000,0x00000000d6880000,0x00000000d6c00000)
 ParOldGen       total 85504K, used 85080K [0x0000000080000000, 0x0000000085380000, 0x00000000d5580000)
  object space 85504K, 99% used [0x0000000080000000,0x00000000853162a8,0x0000000085380000)
 Metaspace       used 64127K, committed 65536K, reserved 1114112K
  class space    used 6676K, committed 7296K, reserved 1048576K
}
Event: 112.407 GC heap after
{Heap after GC invocations=99 (full 3):
 PSYoungGen      total 18944K, used 2706K [0x00000000d5580000, 0x00000000d6b80000, 0x0000000100000000)
  eden space 15872K, 0% used [0x00000000d5580000,0x00000000d5580000,0x00000000d6500000)
  from space 3072K, 88% used [0x00000000d6880000,0x00000000d6b24818,0x00000000d6b80000)
  to   space 3072K, 0% used [0x00000000d6580000,0x00000000d6580000,0x00000000d6880000)
 ParOldGen       total 87040K, used 86926K [0x0000000080000000, 0x0000000085500000, 0x00000000d5580000)
  object space 87040K, 99% used [0x0000000080000000,0x00000000854e3938,0x0000000085500000)
 Metaspace       used 64127K, committed 65536K, reserved 1114112K
  class space    used 6676K, committed 7296K, reserved 1048576K
}
Event: 113.391 GC heap before
{Heap before GC invocations=100 (full 3):
 PSYoungGen      total 18944K, used 18161K [0x00000000d5580000, 0x00000000d6b80000, 0x0000000100000000)
  eden space 15872K, 97% used [0x00000000d5580000,0x00000000d6497d38,0x00000000d6500000)
  from space 3072K, 88% used [0x00000000d6880000,0x00000000d6b24818,0x00000000d6b80000)
  to   space 3072K, 0% used [0x00000000d6580000,0x00000000d6580000,0x00000000d6880000)
 ParOldGen       total 87040K, used 86926K [0x0000000080000000, 0x0000000085500000, 0x00000000d5580000)
  object space 87040K, 99% used [0x0000000080000000,0x00000000854e3938,0x0000000085500000)
 Metaspace       used 65362K, committed 66816K, reserved 1114112K
  class space    used 6757K, committed 7360K, reserved 1048576K
}
Event: 113.400 GC heap after
{Heap after GC invocations=100 (full 3):
 PSYoungGen      total 18944K, used 2691K [0x00000000d5580000, 0x00000000d6b00000, 0x0000000100000000)
  eden space 15872K, 0% used [0x00000000d5580000,0x00000000d5580000,0x00000000d6500000)
  from space 3072K, 87% used [0x00000000d6580000,0x00000000d6820cc0,0x00000000d6880000)
  to   space 2560K, 0% used [0x00000000d6880000,0x00000000d6880000,0x00000000d6b00000)
 ParOldGen       total 89600K, used 89300K [0x0000000080000000, 0x0000000085780000, 0x00000000d5580000)
  object space 89600K, 99% used [0x0000000080000000,0x0000000085735068,0x0000000085780000)
 Metaspace       used 65362K, committed 66816K, reserved 1114112K
  class space    used 6757K, committed 7360K, reserved 1048576K
}
Event: 114.599 GC heap before
{Heap before GC invocations=101 (full 3):
 PSYoungGen      total 18944K, used 18563K [0x00000000d5580000, 0x00000000d6b00000, 0x0000000100000000)
  eden space 15872K, 100% used [0x00000000d5580000,0x00000000d6500000,0x00000000d6500000)
  from space 3072K, 87% used [0x00000000d6580000,0x00000000d6820cc0,0x00000000d6880000)
  to   space 2560K, 0% used [0x00000000d6880000,0x00000000d6880000,0x00000000d6b00000)
 ParOldGen       total 89600K, used 89300K [0x0000000080000000, 0x0000000085780000, 0x00000000d5580000)
  object space 89600K, 99% used [0x0000000080000000,0x0000000085735068,0x0000000085780000)
 Metaspace       used 65564K, committed 67008K, reserved 1114112K
  class space    used 6762K, committed 7360K, reserved 1048576K
}
Event: 114.601 GC heap after
{Heap after GC invocations=101 (full 3):
 PSYoungGen      total 18432K, used 2453K [0x00000000d5580000, 0x00000000d6b00000, 0x0000000100000000)
  eden space 15872K, 0% used [0x00000000d5580000,0x00000000d5580000,0x00000000d6500000)
  from space 2560K, 95% used [0x00000000d6880000,0x00000000d6ae5420,0x00000000d6b00000)
  to   space 2560K, 0% used [0x00000000d6600000,0x00000000d6600000,0x00000000d6880000)
 ParOldGen       total 90624K, used 90227K [0x0000000080000000, 0x0000000085880000, 0x00000000d5580000)
  object space 90624K, 99% used [0x0000000080000000,0x000000008581cce8,0x0000000085880000)
 Metaspace       used 65564K, committed 67008K, reserved 1114112K
  class space    used 6762K, committed 7360K, reserved 1048576K
}
Event: 118.967 GC heap before
{Heap before GC invocations=102 (full 3):
 PSYoungGen      total 18432K, used 18325K [0x00000000d5580000, 0x00000000d6b00000, 0x0000000100000000)
  eden space 15872K, 100% used [0x00000000d5580000,0x00000000d6500000,0x00000000d6500000)
  from space 2560K, 95% used [0x00000000d6880000,0x00000000d6ae5420,0x00000000d6b00000)
  to   space 2560K, 0% used [0x00000000d6600000,0x00000000d6600000,0x00000000d6880000)
 ParOldGen       total 90624K, used 90227K [0x0000000080000000, 0x0000000085880000, 0x00000000d5580000)
  object space 90624K, 99% used [0x0000000080000000,0x000000008581cce8,0x0000000085880000)
 Metaspace       used 66393K, committed 67904K, reserved 1114112K
  class space    used 6855K, committed 7488K, reserved 1048576K
}
Event: 118.970 GC heap after
{Heap after GC invocations=102 (full 3):
 PSYoungGen      total 16896K, used 944K [0x00000000d5580000, 0x00000000d6900000, 0x0000000100000000)
  eden space 15872K, 0% used [0x00000000d5580000,0x00000000d5580000,0x00000000d6500000)
  from space 1024K, 92% used [0x00000000d6600000,0x00000000d66ec050,0x00000000d6700000)
  to   space 1536K, 0% used [0x00000000d6780000,0x00000000d6780000,0x00000000d6900000)
 ParOldGen       total 92160K, used 91675K [0x0000000080000000, 0x0000000085a00000, 0x00000000d5580000)
  object space 92160K, 99% used [0x0000000080000000,0x0000000085986e40,0x0000000085a00000)
 Metaspace       used 66393K, committed 67904K, reserved 1114112K
  class space    used 6855K, committed 7488K, reserved 1048576K
}
Event: 119.514 GC heap before
{Heap before GC invocations=103 (full 3):
 PSYoungGen      total 16896K, used 16816K [0x00000000d5580000, 0x00000000d6900000, 0x0000000100000000)
  eden space 15872K, 100% used [0x00000000d5580000,0x00000000d6500000,0x00000000d6500000)
  from space 1024K, 92% used [0x00000000d6600000,0x00000000d66ec050,0x00000000d6700000)
  to   space 1536K, 0% used [0x00000000d6780000,0x00000000d6780000,0x00000000d6900000)
 ParOldGen       total 92160K, used 91675K [0x0000000080000000, 0x0000000085a00000, 0x00000000d5580000)
  object space 92160K, 99% used [0x0000000080000000,0x0000000085986e40,0x0000000085a00000)
 Metaspace       used 66801K, committed 68288K, reserved 1114112K
  class space    used 6884K, committed 7488K, reserved 1048576K
}
Event: 119.518 GC heap after
{Heap after GC invocations=103 (full 3):
 PSYoungGen      total 17408K, used 1456K [0x00000000d5580000, 0x00000000d6900000, 0x0000000100000000)
  eden space 15872K, 0% used [0x00000000d5580000,0x00000000d5580000,0x00000000d6500000)
  from space 1536K, 94% used [0x00000000d6780000,0x00000000d68ec030,0x00000000d6900000)
  to   space 2048K, 0% used [0x00000000d6500000,0x00000000d6500000,0x00000000d6700000)
 ParOldGen       total 92672K, used 92523K [0x0000000080000000, 0x0000000085a80000, 0x00000000d5580000)
  object space 92672K, 99% used [0x0000000080000000,0x0000000085a5ac70,0x0000000085a80000)
 Metaspace       used 66801K, committed 68288K, reserved 1114112K
  class space    used 6884K, committed 7488K, reserved 1048576K
}

